2025-02-17 19:32:00 | WARN | repo=richrates | action=commit
2025-01-22 19:03:00 | WARN | repo=richrates | action=edit | files=3
2025-02-23 09:33:00 | INFO | repo=richrates | action=edit | files=5
2025-01-11 12:33:00 | DEBUG | repo=richrates | action=edit | files=4
2025-04-11 21:02:00 | WARN | repo=richrates | action=pull
2025-12-01 20:46:00 | DEBUG | repo=richrates | action=commit
2025-08-15 08:07:00 | WARN | repo=richrates | action=commit
2025-12-12 18:30:00 | INFO | repo=richrates | action=edit | files=5
2025-07-05 21:39:00 | WARN | repo=richrates | action=commit
2025-07-09 09:50:00 | WARN | repo=richrates | action=pull
2025-12-14 19:33:00 | INFO | repo=richrates | action=commit
2025-08-13 14:42:00 | DEBUG | repo=richrates | action=commit
2025-12-12 21:09:00 | DEBUG | repo=richrates | action=commit
2025-12-21 14:55:00 | DEBUG | repo=richrates | action=test | passed=true
2025-05-25 12:24:00 | INFO | repo=richrates | action=commit
2025-12-04 20:04:00 | WARN | repo=richrates | action=test | passed=true
2025-08-12 10:42:00 | WARN | repo=richrates | action=pull
2025-05-11 20:13:00 | INFO | repo=richrates | action=test | passed=true
2025-08-10 13:09:00 | INFO | repo=richrates | action=edit | files=5
2025-07-04 16:19:00 | DEBUG | repo=richrates | action=pull
2025-08-19 21:35:00 | WARN | repo=richrates | action=edit | files=2
2025-06-18 09:50:00 | DEBUG | repo=richrates | action=commit
2025-01-07 12:49:00 | WARN | repo=richrates | action=pull
2025-03-07 20:28:00 | DEBUG | repo=richrates | action=commit
2025-06-19 20:44:00 | WARN | repo=richrates | action=commit
2025-02-08 20:04:00 | DEBUG | repo=richrates | action=commit
2025-12-23 08:34:00 | INFO | repo=richrates | action=commit
2025-01-27 12:41:00 | WARN | repo=richrates | action=commit
2025-04-09 08:42:00 | INFO | repo=richrates | action=commit
2025-06-01 19:57:00 | WARN | repo=richrates | action=pull
2025-01-12 07:05:00 | INFO | repo=richrates | action=pull
2025-03-08 15:16:00 | INFO | repo=richrates | action=edit | files=4
2025-10-17 18:16:00 | DEBUG | repo=richrates | action=test | passed=true
2025-04-12 18:50:00 | WARN | repo=richrates | action=commit
2025-09-23 19:48:00 | INFO | repo=richrates | action=pull
2025-03-28 07:31:00 | WARN | repo=richrates | action=test | passed=true
2025-06-28 09:31:00 | WARN | repo=richrates | action=pull
2025-01-18 07:54:00 | WARN | repo=richrates | action=test | passed=true
2025-06-10 12:45:00 | INFO | repo=richrates | action=test | passed=true
2025-12-10 19:05:00 | DEBUG | repo=richrates | action=pull
2025-01-16 07:31:00 | DEBUG | repo=richrates | action=commit
2025-06-25 20:20:00 | INFO | repo=richrates | action=pull
2025-07-05 21:48:00 | WARN | repo=richrates | action=pull
2025-08-01 20:55:00 | DEBUG | repo=richrates | action=commit
2025-12-27 21:24:00 | WARN | repo=richrates | action=commit
2025-11-09 07:52:00 | DEBUG | repo=richrates | action=edit | files=5
2025-06-14 17:21:00 | INFO | repo=richrates | action=test | passed=true
2025-12-24 15:29:00 | WARN | repo=richrates | action=commit
2025-02-16 20:11:00 | INFO | repo=richrates | action=commit
2025-07-26 18:44:00 | INFO | repo=richrates | action=edit | files=3
2025-04-03 10:00:00 | WARN | repo=richrates | action=pull
2025-01-16 21:48:00 | WARN | repo=richrates | action=commit
2025-03-20 13:18:00 | WARN | repo=richrates | action=test | passed=true
2025-08-12 18:58:00 | INFO | repo=richrates | action=commit
2025-06-06 07:33:00 | WARN | repo=richrates | action=commit
2025-12-25 21:39:00 | WARN | repo=richrates | action=test | passed=true
2025-06-20 20:01:00 | WARN | repo=richrates | action=test | passed=true
2025-03-12 18:52:00 | INFO | repo=richrates | action=commit
2025-10-03 16:50:00 | DEBUG | repo=richrates | action=test | passed=true
2025-02-01 20:25:00 | INFO | repo=richrates | action=commit
2025-12-11 10:29:00 | DEBUG | repo=richrates | action=edit | files=1
2025-09-21 15:05:00 | INFO | repo=richrates | action=commit
2025-01-01 08:33:00 | WARN | repo=richrates | action=test | passed=true
2025-03-02 09:49:00 | INFO | repo=richrates | action=pull
2025-03-10 18:50:00 | WARN | repo=richrates | action=edit | files=5
2025-06-17 09:33:00 | INFO | repo=richrates | action=test | passed=true
2025-04-21 08:51:00 | DEBUG | repo=richrates | action=edit | files=5
2025-08-25 20:18:00 | WARN | repo=richrates | action=commit
